#
# A fatal error has been detected by the Java Runtime Environment:
#
#  SIGSEGV (0xb) at pc=0x000000010eeb2410, pid=3602, tid=0x0000000000004803
#
# JRE version: Java(TM) SE Runtime Environment (8.0_111-b14) (build 1.8.0_111-b14)
# Java VM: Java HotSpot(TM) 64-Bit Server VM (25.111-b14 mixed mode bsd-amd64 compressed oops)
# Problematic frame:
# V  [libjvm.dylib+0x2b2410]  IndexSet::IndexSet(IndexSet*)+0xae
#
# Failed to write core dump. Core dumps have been disabled. To enable core dumping, try "ulimit -c unlimited" before starting Java again
#
# If you would like to submit a bug report, please visit:
#   http://bugreport.java.com/bugreport/crash.jsp
#

---------------  T H R E A D  ---------------

Current thread (0x00007f8ed6831800):  JavaThread "C2 CompilerThread1" daemon [_thread_in_native, id=18435, stack(0x000070000aaed000,0x000070000abed000)]

siginfo: si_signo: 11 (SIGSEGV), si_code: 1 (SEGV_MAPERR), si_addr: 0x00007f86d7205ab8

Registers:
RAX=0x00007f8ed72b1fe0, RBX=0x000000000000000a, RCX=0x00007f8ed72b1fc0, RDX=0x4000000000000000
RSP=0x000070000abe94f0, RBP=0x000070000abe9520, RSI=0x000000012be9bbd0, RDI=0x000000000000010c
R8 =0x000000000000000a, R9 =0x0000000000000001, R10=0x0000000000000000, R11=0x0000000000000000
R12=0x0000000000000009, R13=0x00007f86d7205aa0, R14=0x000070000abe9708, R15=0x000000010f4e6440
RIP=0x000000010eeb2410, EFLAGS=0x0000000000010206, ERR=0x0000000000000004
  TRAPNO=0x000000000000000e

Top of Stack: (sp=0x000070000abe94f0)
0x000070000abe94f0:   000000012be9bbd0 00007f8ed78c9e60
0x000070000abe9500:   000000012c049010 000000012c089518
0x000070000abe9510:   0000000000000003 0000000000000010
0x000070000abe9520:   000070000abe97d0 000000010eeadefe
0x000070000abe9530:   0000000000007fe8 00000000000003b1
0x000070000abe9540:   00007f8ed78c9fc0 ffffffff0eca4de0
0x000070000abe9550:   00000000000009ed 000000000eca4448
0x000070000abe9560:   00000002000000e0 00007f8ed72e6810
0x000070000abe9570:   000000400abe9590 01000001ffffffbf
0x000070000abe9580:   000000012c089558 000000012c089560
0x000070000abe9590:   000000012c089568 000000012c089570
0x000070000abe95a0:   00007f8ed78c9e60 000000012c0894f0
0x000070000abe95b0:   0000000000000000 0000000000000000
0x000070000abe95c0:   000000012c0894f8 0000000100000000
0x000070000abe95d0:   000000012c089500 0000000000000003
0x000070000abe95e0:   0000000100000000 0000000000000010
0x000070000abe95f0:   000070000abea5a0 3f800cea00000010
0x000070000abe9600:   0000000000000000 3fa81360b0000000
0x000070000abe9610:   00000000000000c0 0000000000000000
0x000070000abe9620:   0000000000000000 0000000000000000
0x000070000abe9630:   0000000000000000 000009e500000000
0x000070000abe9640:   0000000000000008 00007f8ed72b2100
0x000070000abe9650:   0000700000000015 00007f8ed72b2318
0x000070000abe9660:   00007f8e00000015 000070000abe9708
0x000070000abe9670:   0303030300000000 0303030303030303
0x000070000abe9680:   0000000003030303 0000000000000000
0x000070000abe9690:   0000000000000000 0000000005055455
0x000070000abe96a0:   0000000000000000 0000000000000000
0x000070000abe96b0:   0000000000000000 0000000000000000
0x000070000abe96c0:   000009ef00000000 0000000100000008
0x000070000abe96d0:   00007f8ed72b2040 0000000000000015
0x000070000abe96e0:   00007f8ed72b23c0 0000000100000015 

Instructions: (pc=0x000000010eeb2410)
0x000000010eeb23f0:   8b 2c e0 41 8d 5c 24 01 4d 39 fd 75 0b 4d 8b 6e
0x000000010eeb2400:   08 4f 89 7c e5 00 eb 2f 4c 89 f7 e8 e4 fe ff ff
0x000000010eeb2410:   49 8b 4d 18 48 89 48 18 49 8b 4d 10 48 89 48 10
0x000000010eeb2420:   49 8b 4d 00 49 8b 55 08 48 89 50 08 48 89 08 49 

Register to memory mapping:

RAX=0x00007f8ed72b1fe0 is an unknown value
RBX=0x000000000000000a is an unknown value
RCX=0x00007f8ed72b1fc0 is an unknown value
RDX=0x4000000000000000 is an unknown value
RSP=0x000070000abe94f0 is pointing into the stack for thread: 0x00007f8ed6831800
RBP=0x000070000abe9520 is pointing into the stack for thread: 0x00007f8ed6831800
RSI=0x000000012be9bbd0 is an unknown value
RDI=0x000000000000010c is an unknown value
R8 =0x000000000000000a is an unknown value
R9 =0x0000000000000001 is an unknown value
R10=0x0000000000000000 is an unknown value
R11=0x0000000000000000 is an unknown value
R12=0x0000000000000009 is an unknown value
R13=0x00007f86d7205aa0 is an unknown value
R14=0x000070000abe9708 is pointing into the stack for thread: 0x00007f8ed6831800
R15=0x000000010f4e6440: _ZN8IndexSet12_empty_blockE+0 in /Library/Java/JavaVirtualMachines/jdk1.8.0_111.jdk/Contents/Home/jre/lib/server/libjvm.dylib at 0x000000010ec00000


Stack: [0x000070000aaed000,0x000070000abed000],  sp=0x000070000abe94f0,  free space=1009k
Native frames: (J=compiled Java code, j=interpreted, Vv=VM code, C=native code)
V  [libjvm.dylib+0x2b2410]  IndexSet::IndexSet(IndexSet*)+0xae
V  [libjvm.dylib+0x2adefe]  PhaseChaitin::build_ifg_physical(ResourceArea*)+0x90
V  [libjvm.dylib+0x160db1]  PhaseChaitin::Register_Allocate()+0x2e5
V  [libjvm.dylib+0x1aeb12]  Compile::Code_Gen()+0x14e
V  [libjvm.dylib+0x1b2cad]  Compile::Compile(ciEnv*, C2Compiler*, ciMethod*, int, bool, bool, bool)+0x98d
V  [libjvm.dylib+0x1503ae]  C2Compiler::compile_method(ciEnv*, ciMethod*, int)+0xb2
V  [libjvm.dylib+0x1b6340]  CompileBroker::invoke_compiler_on_method(CompileTask*)+0x5b2
V  [libjvm.dylib+0x1b8887]  CompileBroker::compiler_thread_loop()+0x291
V  [libjvm.dylib+0x56a27b]  JavaThread::thread_main_inner()+0x9b
V  [libjvm.dylib+0x56b968]  JavaThread::run()+0x1c2
V  [libjvm.dylib+0x489b0a]  java_start(Thread*)+0xf6
C  [libsystem_pthread.dylib+0x6109]  _pthread_start+0x94
C  [libsystem_pthread.dylib+0x1b8b]  thread_start+0xf
C  0x0000000000000000


Current CompileTask:
C2:   4292  842       4       java.text.SimpleDateFormat::subFormat (1260 bytes)


---------------  P R O C E S S  ---------------

Java Threads: ( => current thread )
  0x00007f8ed7996000 JavaThread "process reaper" daemon [_thread_blocked, id=15107, stack(0x000070000b0ff000,0x000070000b127000)]
  0x00007f8ed60ba800 JavaThread "surefire-forkedjvm-ping-30s" daemon [_thread_blocked, id=14851, stack(0x000070000affc000,0x000070000b0fc000)]
  0x00007f8ed60ba000 JavaThread "surefire-forkedjvm-command-thread" daemon [_thread_in_native, id=16643, stack(0x000070000aef9000,0x000070000aff9000)]
  0x00007f8ed7845800 JavaThread "Service Thread" daemon [_thread_blocked, id=17667, stack(0x000070000acf3000,0x000070000adf3000)]
  0x00007f8ed603c800 JavaThread "C1 CompilerThread2" daemon [_thread_blocked, id=17923, stack(0x000070000abf0000,0x000070000acf0000)]
=>0x00007f8ed6831800 JavaThread "C2 CompilerThread1" daemon [_thread_in_native, id=18435, stack(0x000070000aaed000,0x000070000abed000)]
  0x00007f8ed6830800 JavaThread "C2 CompilerThread0" daemon [_thread_blocked, id=13827, stack(0x000070000a9ea000,0x000070000aaea000)]
  0x00007f8ed6830000 JavaThread "Signal Dispatcher" daemon [_thread_blocked, id=13315, stack(0x000070000a8e7000,0x000070000a9e7000)]
  0x00007f8ed7009800 JavaThread "Finalizer" daemon [_thread_blocked, id=11779, stack(0x000070000a65b000,0x000070000a75b000)]
  0x00007f8ed6823800 JavaThread "Reference Handler" daemon [_thread_blocked, id=11523, stack(0x000070000a558000,0x000070000a658000)]
  0x00007f8ed6008800 JavaThread "main" [_thread_blocked, id=3587, stack(0x0000700009f46000,0x000070000a046000)]

Other Threads:
  0x00007f8ed601f000 VMThread [stack: 0x000070000a455000,0x000070000a555000] [id=11011]
  0x00007f8ed7832000 WatcherThread [stack: 0x000070000adf6000,0x000070000aef6000] [id=17155]

VM state:at safepoint (normal execution)

VM Mutex/Monitor currently owned by a thread:  ([mutex/lock_event])
[0x00007f8ed5d06790] Threads_lock - owner thread: 0x00007f8ed601f000
[0x00007f8ed5d06c90] Heap_lock - owner thread: 0x00007f8ed6008800

Heap:
 PSYoungGen      total 76288K, used 65536K [0x000000076ab00000, 0x0000000770000000, 0x00000007c0000000)
  eden space 65536K, 100% used [0x000000076ab00000,0x000000076eb00000,0x000000076eb00000)
  from space 10752K, 0% used [0x000000076f580000,0x000000076f580000,0x0000000770000000)
  to   space 10752K, 24% used [0x000000076eb00000,0x000000076ed94010,0x000000076f580000)
 ParOldGen       total 175104K, used 16K [0x00000006c0000000, 0x00000006cab00000, 0x000000076ab00000)
  object space 175104K, 0% used [0x00000006c0000000,0x00000006c0004000,0x00000006cab00000)
 Metaspace       used 8661K, capacity 8890K, committed 9088K, reserved 1056768K
  class space    used 990K, capacity 1065K, committed 1152K, reserved 1048576K

Card table byte_map: [0x000000010ff61000,0x0000000110762000] byte_map_base: 0x000000010c961000

Marking Bits: (ParMarkBitMap*) 0x000000010f4efd20
 Begin Bits: [0x0000000120adb000, 0x0000000124adb000)
 End Bits:   [0x0000000124adb000, 0x0000000128adb000)

Polling page: 0x000000010e390000

CodeCache: size=245760Kb used=3532Kb max_used=3544Kb free=242227Kb
 bounds [0x0000000111adb000, 0x0000000111e5b000, 0x0000000120adb000]
 total_blobs=1223 nmethods=891 adapters=246
 compilation: enabled

Compilation events (10 events):
Event: 4.135 Thread 0x00007f8ed603c800  892       3       java.util.logging.FileHandler$MeteredStream::flush (8 bytes)
Event: 4.135 Thread 0x00007f8ed603c800 nmethod 892 0x0000000111e4ec90 code [0x0000000111e4ee00, 0x0000000111e4f028]
Event: 4.140 Thread 0x00007f8ed6830800  893       4       java.util.concurrent.ConcurrentHashMap::get (162 bytes)
Event: 4.145 Thread 0x00007f8ed6830800 nmethod 893 0x0000000111e52010 code [0x0000000111e52180, 0x0000000111e52478]
Event: 4.149 Thread 0x00007f8ed6830800  894       4       sun.nio.cs.UTF_8$Encoder::encodeArrayLoop (489 bytes)
Event: 4.150 Thread 0x00007f8ed603c800  895       3       java.util.regex.Pattern$BmpCharProperty::match (50 bytes)
Event: 4.150 Thread 0x00007f8ed603c800 nmethod 895 0x0000000111e51890 code [0x0000000111e51a20, 0x0000000111e51ec8]
Event: 4.162 Thread 0x00007f8ed6830800 nmethod 894 0x0000000111e4f890 code [0x0000000111e4fa20, 0x0000000111e4fef8]
Event: 4.218 Thread 0x00007f8ed6830800  896       4       java.lang.String::getChars (62 bytes)
Event: 4.220 Thread 0x00007f8ed6830800 nmethod 896 0x0000000111e4f450 code [0x0000000111e4f5a0, 0x0000000111e4f718]

GC Heap History (0 events):
No events

Deoptimization events (2 events):
Event: 2.002 Thread 0x00007f8ed6008800 Uncommon trap: reason=unstable_if action=reinterpret pc=0x0000000111c8be18 method=java.lang.String.indexOf([CII[CIII)I @ 3
Event: 3.126 Thread 0x00007f8ed60ba800 Uncommon trap: reason=predicate action=maybe_recompile pc=0x0000000111d9a6f8 method=java.util.regex.Pattern$Slice.match(Ljava/util/regex/Matcher;ILjava/lang/CharSequence;)Z @ 21

Internal exceptions (10 events):
Event: 1.604 Thread 0x00007f8ed6008800 Exception <a 'java/lang/NoSuchMethodError': org.junit.runner.Description.createSuiteDescription(Ljava/lang/String;)Lorg/junit/runner/Description;> (0x000000076b7ea668) thrown at [/Users/java_re/workspace/8-2-build-macosx-x86_64/jdk8u111/7883/hotspot/src/s
Event: 1.604 Thread 0x00007f8ed6008800 Exception <a 'java/lang/NoSuchMethodError': org.junit.runner.Description.createSuiteDescription(Ljava/lang/String;)Lorg/junit/runner/Description;> (0x000000076b7eaad0) thrown at [/Users/java_re/workspace/8-2-build-macosx-x86_64/jdk8u111/7883/hotspot/src/s
Event: 1.604 Thread 0x00007f8ed6008800 Exception <a 'java/lang/NoSuchMethodError': org.junit.runner.Description.createSuiteDescription(Ljava/lang/String;)Lorg/junit/runner/Description;> (0x000000076b7eaf38) thrown at [/Users/java_re/workspace/8-2-build-macosx-x86_64/jdk8u111/7883/hotspot/src/s
Event: 1.604 Thread 0x00007f8ed6008800 Exception <a 'java/lang/NoSuchMethodError': org.junit.runner.Description.createSuiteDescription(Ljava/lang/String;)Lorg/junit/runner/Description;> (0x000000076b7eb3a0) thrown at [/Users/java_re/workspace/8-2-build-macosx-x86_64/jdk8u111/7883/hotspot/src/s
Event: 1.604 Thread 0x00007f8ed6008800 Exception <a 'java/lang/NoSuchMethodError': org.junit.runner.Description.createSuiteDescription(Ljava/lang/String;)Lorg/junit/runner/Description;> (0x000000076b7eb808) thrown at [/Users/java_re/workspace/8-2-build-macosx-x86_64/jdk8u111/7883/hotspot/src/s
Event: 1.604 Thread 0x00007f8ed6008800 Exception <a 'java/lang/NoSuchMethodError': org.junit.runner.Description.createSuiteDescription(Ljava/lang/String;)Lorg/junit/runner/Description;> (0x000000076b7ebc70) thrown at [/Users/java_re/workspace/8-2-build-macosx-x86_64/jdk8u111/7883/hotspot/src/s
Event: 1.605 Thread 0x00007f8ed6008800 Exception <a 'java/lang/NoSuchMethodError': org.junit.runner.Description.createSuiteDescription(Ljava/lang/String;)Lorg/junit/runner/Description;> (0x000000076b7ec0d8) thrown at [/Users/java_re/workspace/8-2-build-macosx-x86_64/jdk8u111/7883/hotspot/src/s
Event: 2.357 Thread 0x00007f8ed6008800 Exception <a 'sun/nio/fs/UnixException'> (0x000000076bb0f270) thrown at [/Users/java_re/workspace/8-2-build-macosx-x86_64/jdk8u111/7883/hotspot/src/share/vm/prims/jni.cpp, line 709]
Event: 2.463 Thread 0x00007f8ed6008800 Exception <a 'sun/nio/fs/UnixException'> (0x000000076bb15c78) thrown at [/Users/java_re/workspace/8-2-build-macosx-x86_64/jdk8u111/7883/hotspot/src/share/vm/prims/jni.cpp, line 709]
Event: 2.463 Thread 0x00007f8ed6008800 Exception <a 'sun/nio/fs/UnixException'> (0x000000076bb19340) thrown at [/Users/java_re/workspace/8-2-build-macosx-x86_64/jdk8u111/7883/hotspot/src/share/vm/prims/jni.cpp, line 709]

Events (10 events):
Event: 3.126 Thread 0x00007f8ed60ba800 DEOPT PACKING pc=0x0000000111d9a6f8 sp=0x000070000b0fb020
Event: 3.126 Thread 0x00007f8ed60ba800 DEOPT UNPACKING pc=0x0000000111ae0229 sp=0x000070000b0fb008 mode 2
Event: 3.184 Thread 0x00007f8ed6008800 DEOPT PACKING pc=0x0000000111d76600 sp=0x000070000a0443f0
Event: 3.184 Thread 0x00007f8ed6008800 DEOPT UNPACKING pc=0x0000000111b22633 sp=0x000070000a044188 mode 0
Event: 3.192 Thread 0x00007f8ed6008800 DEOPT PACKING pc=0x0000000111d8ad39 sp=0x000070000a044430
Event: 3.192 Thread 0x00007f8ed6008800 DEOPT UNPACKING pc=0x0000000111b22633 sp=0x000070000a044178 mode 0
Event: 3.206 Thread 0x00007f8ed6008800 DEOPT PACKING pc=0x0000000111d76600 sp=0x000070000a0443f0
Event: 3.206 Thread 0x00007f8ed6008800 DEOPT UNPACKING pc=0x0000000111b22633 sp=0x000070000a044188 mode 0
Event: 4.149 Thread 0x00007f8ed6008800 DEOPT PACKING pc=0x0000000111d86e5b sp=0x000070000a0439c0
Event: 4.149 Thread 0x00007f8ed6008800 DEOPT UNPACKING pc=0x0000000111b22633 sp=0x000070000a0437d0 mode 0


Dynamic libraries:
0x0000000005717000 	/System/Library/Frameworks/Cocoa.framework/Versions/A/Cocoa
0x0000000005717000 	/System/Library/Frameworks/Security.framework/Versions/A/Security
0x0000000005717000 	/System/Library/Frameworks/ApplicationServices.framework/Versions/A/ApplicationServices
0x0000000005717000 	/usr/lib/libz.1.dylib
0x0000000005717000 	/usr/lib/libSystem.B.dylib
0x0000000005717000 	/usr/lib/libobjc.A.dylib
0x0000000005717000 	/System/Library/Frameworks/CoreFoundation.framework/Versions/A/CoreFoundation
0x0000000005717000 	/System/Library/Frameworks/Foundation.framework/Versions/C/Foundation
0x0000000005717000 	/System/Library/Frameworks/AppKit.framework/Versions/C/AppKit
0x0000000005717000 	/System/Library/Frameworks/CoreData.framework/Versions/A/CoreData
0x0000000005717000 	/System/Library/PrivateFrameworks/UIFoundation.framework/Versions/A/UIFoundation
0x0000000005717000 	/System/Library/PrivateFrameworks/RemoteViewServices.framework/Versions/A/RemoteViewServices
0x0000000005717000 	/System/Library/PrivateFrameworks/XCTTargetBootstrap.framework/Versions/A/XCTTargetBootstrap
0x0000000005717000 	/System/Library/Frameworks/CoreDisplay.framework/Versions/A/CoreDisplay
0x0000000005717000 	/System/Library/Frameworks/Metal.framework/Versions/A/Metal
0x0000000005717000 	/System/Library/PrivateFrameworks/DesktopServicesPriv.framework/Versions/A/DesktopServicesPriv
0x0000000005717000 	/usr/lib/liblangid.dylib
0x0000000005717000 	/System/Library/PrivateFrameworks/CoreSVG.framework/Versions/A/CoreSVG
0x0000000005717000 	/System/Library/PrivateFrameworks/SkyLight.framework/Versions/A/SkyLight
0x0000000005717000 	/System/Library/Frameworks/CoreGraphics.framework/Versions/A/CoreGraphics
0x0000000005717000 	/System/Library/Frameworks/Accelerate.framework/Versions/A/Accelerate
0x0000000005717000 	/usr/lib/libxml2.2.dylib
0x0000000005717000 	/System/Library/PrivateFrameworks/IconServices.framework/Versions/A/IconServices
0x0000000005717000 	/System/Library/Frameworks/IOSurface.framework/Versions/A/IOSurface
0x0000000005717000 	/usr/lib/libDiagnosticMessagesClient.dylib
0x0000000005717000 	/System/Library/PrivateFrameworks/DFRFoundation.framework/Versions/A/DFRFoundation
0x0000000005717000 	/usr/lib/libicucore.A.dylib
0x0000000005717000 	/System/Library/Frameworks/AudioToolbox.framework/Versions/A/AudioToolbox
0x0000000005717000 	/System/Library/Frameworks/AudioUnit.framework/Versions/A/AudioUnit
0x0000000005717000 	/usr/lib/libauto.dylib
0x0000000005717000 	/System/Library/PrivateFrameworks/DataDetectorsCore.framework/Versions/A/DataDetectorsCore
0x0000000005717000 	/System/Library/Frameworks/Carbon.framework/Versions/A/Frameworks/HIToolbox.framework/Versions/A/HIToolbox
0x0000000005717000 	/System/Library/Frameworks/QuartzCore.framework/Versions/A/QuartzCore
0x0000000005717000 	/System/Library/Frameworks/Carbon.framework/Versions/A/Frameworks/SpeechRecognition.framework/Versions/A/SpeechRecognition
0x0000000005717000 	/System/Library/PrivateFrameworks/CoreUI.framework/Versions/A/CoreUI
0x0000000005717000 	/System/Library/Frameworks/CoreAudio.framework/Versions/A/CoreAudio
0x0000000005717000 	/System/Library/Frameworks/DiskArbitration.framework/Versions/A/DiskArbitration
0x0000000005717000 	/System/Library/PrivateFrameworks/MultitouchSupport.framework/Versions/A/MultitouchSupport
0x0000000005717000 	/usr/lib/libenergytrace.dylib
0x0000000005717000 	/System/Library/Frameworks/IOKit.framework/Versions/A/IOKit
0x0000000005717000 	/System/Library/Frameworks/CoreServices.framework/Versions/A/CoreServices
0x0000000005717000 	/System/Library/PrivateFrameworks/PerformanceAnalysis.framework/Versions/A/PerformanceAnalysis
0x0000000005717000 	/System/Library/Frameworks/OpenGL.framework/Versions/A/OpenGL
0x0000000005717000 	/System/Library/Frameworks/ColorSync.framework/Versions/A/ColorSync
0x0000000005717000 	/System/Library/Frameworks/CoreImage.framework/Versions/A/CoreImage
0x0000000005717000 	/System/Library/Frameworks/CoreText.framework/Versions/A/CoreText
0x0000000005717000 	/System/Library/Frameworks/ImageIO.framework/Versions/A/ImageIO
0x0000000005717000 	/usr/lib/libc++.1.dylib
0x0000000005717000 	/usr/lib/libcompression.dylib
0x0000000005717000 	/usr/lib/libMobileGestalt.dylib
0x0000000005717000 	/System/Library/PrivateFrameworks/TextureIO.framework/Versions/A/TextureIO
0x0000000005717000 	/usr/lib/libate.dylib
0x0000000005717000 	/System/Library/PrivateFrameworks/InternationalSupport.framework/Versions/A/InternationalSupport
0x0000000005717000 	/usr/lib/system/libcache.dylib
0x0000000005717000 	/usr/lib/system/libcommonCrypto.dylib
0x0000000005717000 	/usr/lib/system/libcompiler_rt.dylib
0x0000000005717000 	/usr/lib/system/libcopyfile.dylib
0x0000000005717000 	/usr/lib/system/libcorecrypto.dylib
0x0000000005717000 	/usr/lib/system/libdispatch.dylib
0x0000000005717000 	/usr/lib/system/libdyld.dylib
0x0000000005717000 	/usr/lib/system/libkeymgr.dylib
0x0000000005717000 	/usr/lib/system/liblaunch.dylib
0x0000000005717000 	/usr/lib/system/libmacho.dylib
0x0000000005717000 	/usr/lib/system/libquarantine.dylib
0x0000000005717000 	/usr/lib/system/libremovefile.dylib
0x0000000005717000 	/usr/lib/system/libsystem_asl.dylib
0x0000000005717000 	/usr/lib/system/libsystem_blocks.dylib
0x0000000005717000 	/usr/lib/system/libsystem_c.dylib
0x0000000005717000 	/usr/lib/system/libsystem_configuration.dylib
0x0000000005717000 	/usr/lib/system/libsystem_coreservices.dylib
0x0000000005717000 	/usr/lib/system/libsystem_darwin.dylib
0x0000000005717000 	/usr/lib/system/libsystem_dnssd.dylib
0x0000000005717000 	/usr/lib/system/libsystem_featureflags.dylib
0x0000000005717000 	/usr/lib/system/libsystem_info.dylib
0x0000000005717000 	/usr/lib/system/libsystem_m.dylib
0x0000000005717000 	/usr/lib/system/libsystem_malloc.dylib
0x0000000005717000 	/usr/lib/system/libsystem_networkextension.dylib
0x0000000005717000 	/usr/lib/system/libsystem_notify.dylib
0x0000000005717000 	/usr/lib/system/libsystem_sandbox.dylib
0x0000000005717000 	/usr/lib/system/libsystem_secinit.dylib
0x0000000005717000 	/usr/lib/system/libsystem_kernel.dylib
0x0000000005717000 	/usr/lib/system/libsystem_platform.dylib
0x0000000005717000 	/usr/lib/system/libsystem_pthread.dylib
0x0000000005717000 	/usr/lib/system/libsystem_symptoms.dylib
0x0000000005717000 	/usr/lib/system/libsystem_trace.dylib
0x0000000005717000 	/usr/lib/system/libunwind.dylib
0x0000000005717000 	/usr/lib/system/libxpc.dylib
0x0000000005717000 	/usr/lib/libc++abi.dylib
0x0000000005717000 	/usr/lib/liblzma.5.dylib
0x0000000005717000 	/usr/lib/libfakelink.dylib
0x0000000005717000 	/usr/lib/libarchive.2.dylib
0x0000000005717000 	/System/Library/Frameworks/SystemConfiguration.framework/Versions/A/SystemConfiguration
0x0000000005717000 	/usr/lib/libCRFSuite.dylib
0x0000000005717000 	/System/Library/Frameworks/CFNetwork.framework/Versions/A/CFNetwork
0x0000000005717000 	/usr/lib/libbsm.0.dylib
0x0000000005717000 	/usr/lib/system/libkxld.dylib
0x0000000005717000 	/System/Library/PrivateFrameworks/AppleFSCompression.framework/Versions/A/AppleFSCompression
0x0000000005717000 	/usr/lib/libcoretls.dylib
0x0000000005717000 	/usr/lib/libcoretls_cfhelpers.dylib
0x0000000005717000 	/usr/lib/libpam.2.dylib
0x0000000005717000 	/usr/lib/libsqlite3.dylib
0x0000000005717000 	/usr/lib/libxar.1.dylib
0x0000000005717000 	/usr/lib/libbz2.1.0.dylib
0x0000000005717000 	/usr/lib/libiconv.2.dylib
0x0000000005717000 	/usr/lib/libcharset.1.dylib
0x0000000005717000 	/usr/lib/libnetwork.dylib
0x0000000005717000 	/usr/lib/libpcap.A.dylib
0x0000000005717000 	/usr/lib/libapple_nghttp2.dylib
0x0000000005717000 	/System/Library/Frameworks/CoreServices.framework/Versions/A/Frameworks/FSEvents.framework/Versions/A/FSEvents
0x0000000005717000 	/System/Library/Frameworks/CoreServices.framework/Versions/A/Frameworks/CarbonCore.framework/Versions/A/CarbonCore
0x0000000005717000 	/System/Library/Frameworks/CoreServices.framework/Versions/A/Frameworks/Metadata.framework/Versions/A/Metadata
0x0000000005717000 	/System/Library/Frameworks/CoreServices.framework/Versions/A/Frameworks/OSServices.framework/Versions/A/OSServices
0x0000000005717000 	/System/Library/Frameworks/CoreServices.framework/Versions/A/Frameworks/SearchKit.framework/Versions/A/SearchKit
0x0000000005717000 	/System/Library/Frameworks/CoreServices.framework/Versions/A/Frameworks/AE.framework/Versions/A/AE
0x0000000005717000 	/System/Library/Frameworks/CoreServices.framework/Versions/A/Frameworks/LaunchServices.framework/Versions/A/LaunchServices
0x0000000005717000 	/System/Library/Frameworks/CoreServices.framework/Versions/A/Frameworks/DictionaryServices.framework/Versions/A/DictionaryServices
0x0000000005717000 	/System/Library/Frameworks/CoreServices.framework/Versions/A/Frameworks/SharedFileList.framework/Versions/A/SharedFileList
0x0000000005717000 	/System/Library/Frameworks/NetFS.framework/Versions/A/NetFS
0x0000000005717000 	/System/Library/PrivateFrameworks/NetAuth.framework/Versions/A/NetAuth
0x0000000005717000 	/System/Library/PrivateFrameworks/login.framework/Versions/A/Frameworks/loginsupport.framework/Versions/A/loginsupport
0x0000000005717000 	/System/Library/PrivateFrameworks/TCC.framework/Versions/A/TCC
0x0000000005717000 	/System/Library/PrivateFrameworks/CoreNLP.framework/Versions/A/CoreNLP
0x0000000005717000 	/System/Library/PrivateFrameworks/MetadataUtilities.framework/Versions/A/MetadataUtilities
0x0000000005717000 	/usr/lib/libmecabra.dylib
0x0000000005717000 	/usr/lib/libmecab.dylib
0x0000000005717000 	/usr/lib/libgermantok.dylib
0x0000000005717000 	/usr/lib/libThaiTokenizer.dylib
0x0000000005717000 	/usr/lib/libChineseTokenizer.dylib
0x0000000005717000 	/System/Library/Frameworks/Accelerate.framework/Versions/A/Frameworks/vImage.framework/Versions/A/vImage
0x0000000005717000 	/System/Library/Frameworks/Accelerate.framework/Versions/A/Frameworks/vecLib.framework/Versions/A/vecLib
0x0000000005717000 	/System/Library/Frameworks/Accelerate.framework/Versions/A/Frameworks/vecLib.framework/Versions/A/libvMisc.dylib
0x0000000005717000 	/System/Library/Frameworks/Accelerate.framework/Versions/A/Frameworks/vecLib.framework/Versions/A/libvDSP.dylib
0x0000000005717000 	/System/Library/Frameworks/Accelerate.framework/Versions/A/Frameworks/vecLib.framework/Versions/A/libBLAS.dylib
0x0000000005717000 	/System/Library/Frameworks/Accelerate.framework/Versions/A/Frameworks/vecLib.framework/Versions/A/libLAPACK.dylib
0x0000000005717000 	/System/Library/Frameworks/Accelerate.framework/Versions/A/Frameworks/vecLib.framework/Versions/A/libLinearAlgebra.dylib
0x0000000005717000 	/System/Library/Frameworks/Accelerate.framework/Versions/A/Frameworks/vecLib.framework/Versions/A/libSparseBLAS.dylib
0x0000000005717000 	/System/Library/Frameworks/Accelerate.framework/Versions/A/Frameworks/vecLib.framework/Versions/A/libQuadrature.dylib
0x0000000005717000 	/System/Library/Frameworks/Accelerate.framework/Versions/A/Frameworks/vecLib.framework/Versions/A/libBNNS.dylib
0x0000000005717000 	/System/Library/Frameworks/Accelerate.framework/Versions/A/Frameworks/vecLib.framework/Versions/A/libSparse.dylib
0x0000000005717000 	/System/Library/PrivateFrameworks/LanguageModeling.framework/Versions/A/LanguageModeling
0x0000000005717000 	/System/Library/PrivateFrameworks/CoreEmoji.framework/Versions/A/CoreEmoji
0x0000000005717000 	/System/Library/PrivateFrameworks/LinguisticData.framework/Versions/A/LinguisticData
0x0000000005717000 	/System/Library/PrivateFrameworks/Lexicon.framework/Versions/A/Lexicon
0x0000000005717000 	/usr/lib/libcmph.dylib
0x0000000005717000 	/System/Library/Frameworks/OpenDirectory.framework/Versions/A/Frameworks/CFOpenDirectory.framework/Versions/A/CFOpenDirectory
0x0000000005717000 	/System/Library/Frameworks/OpenDirectory.framework/Versions/A/OpenDirectory
0x0000000005717000 	/System/Library/PrivateFrameworks/APFS.framework/Versions/A/APFS
0x0000000005717000 	/System/Library/Frameworks/SecurityFoundation.framework/Versions/A/SecurityFoundation
0x0000000005717000 	/usr/lib/libutil.dylib
0x0000000005717000 	/System/Library/PrivateFrameworks/CoreServicesStore.framework/Versions/A/CoreServicesStore
0x0000000005717000 	/System/Library/Frameworks/ServiceManagement.framework/Versions/A/ServiceManagement
0x0000000005717000 	/System/Library/PrivateFrameworks/BackgroundTaskManagement.framework/Versions/A/BackgroundTaskManagement
0x0000000005717000 	/usr/lib/libxslt.1.dylib
0x0000000005717000 	/System/Library/PrivateFrameworks/AppleSystemInfo.framework/Versions/A/AppleSystemInfo
0x0000000005717000 	/System/Library/Frameworks/ImageIO.framework/Versions/A/Resources/libJPEG.dylib
0x0000000005717000 	/System/Library/Frameworks/ImageIO.framework/Versions/A/Resources/libTIFF.dylib
0x0000000005717000 	/System/Library/Frameworks/ImageIO.framework/Versions/A/Resources/libPng.dylib
0x0000000005717000 	/System/Library/Frameworks/ImageIO.framework/Versions/A/Resources/libGIF.dylib
0x0000000005717000 	/System/Library/Frameworks/ImageIO.framework/Versions/A/Resources/libJP2.dylib
0x0000000005717000 	/System/Library/Frameworks/ImageIO.framework/Versions/A/Resources/libRadiance.dylib
0x0000000005717000 	/usr/lib/libexpat.1.dylib
0x0000000005717000 	/System/Library/PrivateFrameworks/AppleJPEG.framework/Versions/A/AppleJPEG
0x0000000005717000 	/System/Library/PrivateFrameworks/FontServices.framework/libFontParser.dylib
0x0000000005717000 	/System/Library/PrivateFrameworks/WatchdogClient.framework/Versions/A/WatchdogClient
0x0000000005717000 	/System/Library/PrivateFrameworks/IOAccelerator.framework/Versions/A/IOAccelerator
0x0000000005717000 	/System/Library/Frameworks/MetalPerformanceShaders.framework/Versions/A/MetalPerformanceShaders
0x0000000005717000 	/System/Library/PrivateFrameworks/GPUWrangler.framework/Versions/A/GPUWrangler
0x0000000005717000 	/System/Library/PrivateFrameworks/IOPresentment.framework/Versions/A/IOPresentment
0x0000000005717000 	/System/Library/PrivateFrameworks/DSExternalDisplay.framework/Versions/A/DSExternalDisplay
0x0000000005717000 	/System/Library/Frameworks/OpenGL.framework/Versions/A/Libraries/libCoreFSCache.dylib
0x0000000005717000 	/System/Library/Frameworks/MetalPerformanceShaders.framework/Frameworks/MPSCore.framework/Versions/A/MPSCore
0x0000000005717000 	/System/Library/Frameworks/MetalPerformanceShaders.framework/Frameworks/MPSImage.framework/Versions/A/MPSImage
0x0000000005717000 	/System/Library/Frameworks/MetalPerformanceShaders.framework/Frameworks/MPSNeuralNetwork.framework/Versions/A/MPSNeuralNetwork
0x0000000005717000 	/System/Library/Frameworks/MetalPerformanceShaders.framework/Frameworks/MPSMatrix.framework/Versions/A/MPSMatrix
0x0000000005717000 	/System/Library/Frameworks/MetalPerformanceShaders.framework/Frameworks/MPSRayIntersector.framework/Versions/A/MPSRayIntersector
0x0000000005717000 	/System/Library/Frameworks/MetalPerformanceShaders.framework/Frameworks/MPSNDArray.framework/Versions/A/MPSNDArray
0x0000000005717000 	/System/Library/PrivateFrameworks/MetalTools.framework/Versions/A/MetalTools
0x0000000005717000 	/System/Library/PrivateFrameworks/AggregateDictionary.framework/Versions/A/AggregateDictionary
0x0000000005717000 	/System/Library/PrivateFrameworks/CoreAnalytics.framework/Versions/A/CoreAnalytics
0x0000000005717000 	/System/Library/PrivateFrameworks/AppleSauce.framework/Versions/A/AppleSauce
0x0000000005717000 	/usr/lib/libIOReport.dylib
0x0000000005717000 	/System/Library/Frameworks/CoreVideo.framework/Versions/A/CoreVideo
0x0000000005717000 	/System/Library/PrivateFrameworks/GraphVisualizer.framework/Versions/A/GraphVisualizer
0x0000000005717000 	/System/Library/PrivateFrameworks/FaceCore.framework/Versions/A/FaceCore
0x0000000005717000 	/System/Library/Frameworks/OpenCL.framework/Versions/A/OpenCL
0x0000000005717000 	/usr/lib/libFosl_dynamic.dylib
0x0000000005717000 	/System/Library/PrivateFrameworks/OTSVG.framework/Versions/A/OTSVG
0x0000000005717000 	/System/Library/Frameworks/ApplicationServices.framework/Versions/A/Frameworks/ATS.framework/Versions/A/Resources/libFontRegistry.dylib
0x0000000005717000 	/System/Library/PrivateFrameworks/FontServices.framework/libhvf.dylib
0x0000000005717000 	/System/Library/Frameworks/OpenGL.framework/Versions/A/Libraries/libGFXShared.dylib
0x0000000005717000 	/System/Library/Frameworks/OpenGL.framework/Versions/A/Libraries/libGLU.dylib
0x0000000005717000 	/System/Library/Frameworks/OpenGL.framework/Versions/A/Libraries/libGL.dylib
0x0000000005717000 	/System/Library/Frameworks/OpenGL.framework/Versions/A/Libraries/libGLImage.dylib
0x0000000005717000 	/System/Library/Frameworks/OpenGL.framework/Versions/A/Libraries/libCVMSPluginSupport.dylib
0x0000000005717000 	/System/Library/Frameworks/OpenGL.framework/Versions/A/Libraries/libCoreVMClient.dylib
0x0000000005717000 	/usr/lib/libncurses.5.4.dylib
0x0000000005717000 	/System/Library/Frameworks/ApplicationServices.framework/Versions/A/Frameworks/ATS.framework/Versions/A/ATS
0x0000000005717000 	/System/Library/Frameworks/ApplicationServices.framework/Versions/A/Frameworks/ColorSyncLegacy.framework/Versions/A/ColorSyncLegacy
0x0000000005717000 	/System/Library/Frameworks/ApplicationServices.framework/Versions/A/Frameworks/HIServices.framework/Versions/A/HIServices
0x0000000005717000 	/System/Library/Frameworks/ApplicationServices.framework/Versions/A/Frameworks/LangAnalysis.framework/Versions/A/LangAnalysis
0x0000000005717000 	/System/Library/Frameworks/ApplicationServices.framework/Versions/A/Frameworks/PrintCore.framework/Versions/A/PrintCore
0x0000000005717000 	/System/Library/Frameworks/ApplicationServices.framework/Versions/A/Frameworks/QD.framework/Versions/A/QD
0x0000000005717000 	/System/Library/Frameworks/ApplicationServices.framework/Versions/A/Frameworks/SpeechSynthesis.framework/Versions/A/SpeechSynthesis
0x0000000005717000 	/System/Library/Frameworks/ApplicationServices.framework/Versions/A/Frameworks/ATSUI.framework/Versions/A/ATSUI
0x0000000005717000 	/usr/lib/libcups.2.dylib
0x0000000005717000 	/System/Library/Frameworks/Kerberos.framework/Versions/A/Kerberos
0x0000000005717000 	/System/Library/Frameworks/GSS.framework/Versions/A/GSS
0x0000000005717000 	/usr/lib/libresolv.9.dylib
0x0000000005717000 	/System/Library/PrivateFrameworks/Heimdal.framework/Versions/A/Heimdal
0x0000000005717000 	/System/Library/Frameworks/Kerberos.framework/Versions/A/Libraries/libHeimdalProxy.dylib
0x0000000005717000 	/usr/lib/libheimdal-asn1.dylib
0x0000000005717000 	/System/Library/PrivateFrameworks/CommonAuth.framework/Versions/A/CommonAuth
0x0000000005717000 	/System/Library/PrivateFrameworks/AssertionServices.framework/Versions/A/AssertionServices
0x0000000005717000 	/System/Library/PrivateFrameworks/AudioToolboxCore.framework/Versions/A/AudioToolboxCore
0x0000000005717000 	/System/Library/PrivateFrameworks/caulk.framework/Versions/A/caulk
0x0000000005717000 	/System/Library/PrivateFrameworks/BaseBoard.framework/Versions/A/BaseBoard
0x0000000005717000 	/System/Library/PrivateFrameworks/RunningBoardServices.framework/Versions/A/RunningBoardServices
0x0000000005717000 	/System/Library/PrivateFrameworks/PersistentConnection.framework/Versions/A/PersistentConnection
0x0000000005717000 	/System/Library/PrivateFrameworks/ProtocolBuffer.framework/Versions/A/ProtocolBuffer
0x0000000005717000 	/System/Library/PrivateFrameworks/CommonUtilities.framework/Versions/A/CommonUtilities
0x0000000005717000 	/System/Library/PrivateFrameworks/Bom.framework/Versions/A/Bom
0x0000000005717000 	/usr/lib/libAudioToolboxUtility.dylib
0x0000000005717000 	/System/Library/PrivateFrameworks/Backup.framework/Versions/A/Backup
0x0000000005717000 	/System/Library/PrivateFrameworks/CrashReporterSupport.framework/Versions/A/CrashReporterSupport
0x0000000005717000 	/System/Library/PrivateFrameworks/Sharing.framework/Versions/A/Sharing
0x0000000005717000 	/System/Library/PrivateFrameworks/Apple80211.framework/Versions/A/Apple80211
0x0000000005717000 	/System/Library/PrivateFrameworks/AuthKit.framework/Versions/A/AuthKit
0x0000000005717000 	/System/Library/PrivateFrameworks/CoreUtils.framework/Versions/A/CoreUtils
0x0000000005717000 	/System/Library/Frameworks/CoreWLAN.framework/Versions/A/CoreWLAN
0x0000000005717000 	/System/Library/Frameworks/IOBluetooth.framework/Versions/A/IOBluetooth
0x0000000005717000 	/System/Library/PrivateFrameworks/MobileKeyBag.framework/Versions/A/MobileKeyBag
0x0000000005717000 	/System/Library/PrivateFrameworks/CorePhoneNumbers.framework/Versions/A/CorePhoneNumbers
0x0000000005717000 	/System/Library/PrivateFrameworks/AppleIDAuthSupport.framework/Versions/A/AppleIDAuthSupport
0x0000000005717000 	/System/Library/Frameworks/Network.framework/Versions/A/Network
0x0000000005717000 	/System/Library/PrivateFrameworks/KeychainCircle.framework/Versions/A/KeychainCircle
0x0000000005717000 	/System/Library/Frameworks/CoreBluetooth.framework/Versions/A/CoreBluetooth
0x0000000005717000 	/System/Library/PrivateFrameworks/SpeechRecognitionCore.framework/Versions/A/SpeechRecognitionCore
0x0000000005717000 	/System/Library/CoreServices/Encodings/libSimplifiedChineseConverter.dylib
0x000000010ec00000 	/Library/Java/JavaVirtualMachines/jdk1.8.0_111.jdk/Contents/Home/jre/lib/server/libjvm.dylib
0x0000000005717000 	/usr/lib/libstdc++.6.dylib
0x000000010e34d000 	/Library/Java/JavaVirtualMachines/jdk1.8.0_111.jdk/Contents/Home/jre/lib/libverify.dylib
0x000000010e35b000 	/Library/Java/JavaVirtualMachines/jdk1.8.0_111.jdk/Contents/Home/jre/lib/libjava.dylib
0x000000010e3da000 	/Library/Java/JavaVirtualMachines/jdk1.8.0_111.jdk/Contents/Home/jre/lib/libzip.dylib
0x0000000005717000 	/System/Library/Frameworks/JavaVM.framework/Versions/A/Frameworks/JavaRuntimeSupport.framework/Versions/A/JavaRuntimeSupport
0x0000000005717000 	/System/Library/Frameworks/JavaVM.framework/Versions/A/Frameworks/JavaNativeFoundation.framework/Versions/A/JavaNativeFoundation
0x0000000005717000 	/System/Library/Frameworks/JavaVM.framework/Versions/A/JavaVM
0x0000000005717000 	/System/Library/Frameworks/Carbon.framework/Versions/A/Carbon
0x0000000005717000 	/System/Library/PrivateFrameworks/CoreSymbolication.framework/Versions/A/CoreSymbolication
0x0000000005717000 	/System/Library/PrivateFrameworks/JavaLaunching.framework/Versions/A/JavaLaunching
0x0000000005717000 	/System/Library/Frameworks/Carbon.framework/Versions/A/Frameworks/CommonPanels.framework/Versions/A/CommonPanels
0x0000000005717000 	/System/Library/Frameworks/Carbon.framework/Versions/A/Frameworks/Help.framework/Versions/A/Help
0x0000000005717000 	/System/Library/Frameworks/Carbon.framework/Versions/A/Frameworks/ImageCapture.framework/Versions/A/ImageCapture
0x0000000005717000 	/System/Library/Frameworks/Carbon.framework/Versions/A/Frameworks/OpenScripting.framework/Versions/A/OpenScripting
0x0000000005717000 	/System/Library/Frameworks/Carbon.framework/Versions/A/Frameworks/Ink.framework/Versions/A/Ink
0x0000000005717000 	/System/Library/Frameworks/Carbon.framework/Versions/A/Frameworks/Print.framework/Versions/A/Print
0x0000000005717000 	/System/Library/Frameworks/Carbon.framework/Versions/A/Frameworks/SecurityHI.framework/Versions/A/SecurityHI
0x0000000005717000 	/System/Library/PrivateFrameworks/DebugSymbols.framework/Versions/A/DebugSymbols
0x000000012bc59000 	/Library/Java/JavaVirtualMachines/jdk1.8.0_111.jdk/Contents/Home/jre/lib/libmanagement.dylib
0x000000012bd45000 	/Library/Java/JavaVirtualMachines/jdk1.8.0_111.jdk/Contents/Home/jre/lib/libnio.dylib
0x000000012bdb7000 	/Library/Java/JavaVirtualMachines/jdk1.8.0_111.jdk/Contents/Home/jre/lib/libnet.dylib

VM Arguments:
jvm_args: -Dfile.encoding=UTF-8 
java_command: org.apache.maven.surefire.booter.ForkedBooter /Users/tgb/myproject/gongsiNew/sentinelNew/sentinel-core/target/surefire 2020-08-25T10-55-09_020-jvmRun1 surefire1577115477200121497tmp surefire_08119291269800453570tmp
java_class_path (initial): /Users/tgb/.m2/repositoryNew/org/apache/maven/surefire/surefire-booter/2.22.1/surefire-booter-2.22.1.jar:/Users/tgb/.m2/repositoryNew/org/apache/maven/surefire/surefire-api/2.22.1/surefire-api-2.22.1.jar:/Users/tgb/.m2/repositoryNew/org/apache/maven/surefire/surefire-logger-api/2.22.1/surefire-logger-api-2.22.1.jar:/Users/tgb/myproject/gongsiNew/sentinelNew/sentinel-core/target/test-classes:/Users/tgb/myproject/gongsiNew/sentinelNew/sentinel-core/target/classes:/Users/tgb/.m2/repositoryNew/junit/junit/4.12/junit-4.12.jar:/Users/tgb/.m2/repositoryNew/org/mockito/mockito-core/2.28.2/mockito-core-2.28.2.jar:/Users/tgb/.m2/repositoryNew/net/bytebuddy/byte-buddy/1.9.10/byte-buddy-1.9.10.jar:/Users/tgb/.m2/repositoryNew/net/bytebuddy/byte-buddy-agent/1.9.10/byte-buddy-agent-1.9.10.jar:/Users/tgb/.m2/repositoryNew/org/objenesis/objenesis/2.6/objenesis-2.6.jar:/Users/tgb/.m2/repositoryNew/org/awaitility/awaitility/3.1.5/awaitility-3.1.5.jar:/Users/tgb/.m2/repositoryNew/org/hamcrest/hamcrest-library/1.3/hamcrest-library-1.3.jar:/Users/tgb/.m2/repositoryNew/org/hamcrest/hamcrest-core/1.3/hamcrest-core-1.3.jar:/Users/tgb/.m2/repositoryNew/org/hamcrest/java-hamcrest/2.0.0.0/java-hamcrest-2.0.0.0.jar:/Users/tgb/.m2/repositoryNew/org/powermock/powermock-module-junit4/2.0.0/powermock-module-junit4-2.0.0.jar:/Users/tgb/.m2/repositoryNew/org/powermock/powermock-module-junit4-common/2.0.0/powermock-module-junit4-common-2.0.0.jar:/Users/tgb/.m2/repositoryNew/org/powermock/powermock-reflect/2.0.0/powermock-reflect-2.0.0.jar:/Users/tgb/.m2/repositoryNew/org/powermock/powermock-core/2.0.0/powermock-core-2.0.0.jar:/Users/tgb/.m2/repositoryNew/org/javassist/javassist/3.24.0-GA/javassist-3.24.0-GA.jar:/Users/tgb/.m2/repositoryNew/org/powermock/powermock-api-mockito2/2.0.0/powermock-api-mockito2-2.0.0.jar:/Users/tgb/.m2/repositoryNew/org/powermock/powermock-api-support/2.0.0/powermock-api-support-2.0.0.jar:/Users/tgb/.m2/repositoryNew/org/apache/maven/surefire/su
Launcher Type: SUN_STANDARD

Environment Variables:
PATH=/usr/local/bin:/usr/bin:/bin:/usr/sbin:/sbin:/usr/local/git/bin:/Users/tgb/apache-maven-3.5.3/bin:/bin
SHELL=/bin/bash

Signal Handlers:
SIGSEGV: [libjvm.dylib+0x5b03ed], sa_mask[0]=11111111011111110111111111111111, sa_flags=SA_ONSTACK|SA_RESTART|SA_SIGINFO
SIGBUS: [libjvm.dylib+0x5b03ed], sa_mask[0]=11111111011111110111111111111111, sa_flags=SA_RESTART|SA_SIGINFO
SIGFPE: [libjvm.dylib+0x48711c], sa_mask[0]=11111111011111110111111111111111, sa_flags=SA_RESTART|SA_SIGINFO
SIGPIPE: [libjvm.dylib+0x48711c], sa_mask[0]=11111111011111110111111111111111, sa_flags=SA_RESTART|SA_SIGINFO
SIGXFSZ: [libjvm.dylib+0x48711c], sa_mask[0]=11111111011111110111111111111111, sa_flags=SA_RESTART|SA_SIGINFO
SIGILL: [libjvm.dylib+0x48711c], sa_mask[0]=11111111011111110111111111111111, sa_flags=SA_RESTART|SA_SIGINFO
SIGUSR1: SIG_DFL, sa_mask[0]=00000000000000000000000000000000, sa_flags=none
SIGUSR2: [libjvm.dylib+0x486c3a], sa_mask[0]=00100000000000000000000000000000, sa_flags=SA_RESTART|SA_SIGINFO
SIGHUP: [libjvm.dylib+0x485211], sa_mask[0]=11111111011111110111111111111111, sa_flags=SA_RESTART|SA_SIGINFO
SIGINT: [libjvm.dylib+0x485211], sa_mask[0]=11111111011111110111111111111111, sa_flags=SA_RESTART|SA_SIGINFO
SIGTERM: [libjvm.dylib+0x485211], sa_mask[0]=11111111011111110111111111111111, sa_flags=SA_RESTART|SA_SIGINFO
SIGQUIT: [libjvm.dylib+0x485211], sa_mask[0]=11111111011111110111111111111111, sa_flags=SA_RESTART|SA_SIGINFO


---------------  S Y S T E M  ---------------

OS:Bsduname:Darwin 19.4.0 Darwin Kernel Version 19.4.0: Wed Mar  4 22:28:40 PST 2020; root:xnu-6153.101.6~15/RELEASE_X86_64 x86_64
rlimit: STACK 8192k, CORE 0k, NPROC 2784, NOFILE 10240, AS infinity
load average:22.31 12.95 9.51

CPU:total 4 (2 cores per cpu, 2 threads per core) family 6 model 58 stepping 9, cmov, cx8, fxsr, mmx, sse, sse2, sse3, ssse3, sse4.1, sse4.2, popcnt, avx, aes, clmul, erms, ht, tsc, tscinvbit, tscinv

Memory: 4k page, physical 16777216k(28556k free)

/proc/meminfo:


vm_info: Java HotSpot(TM) 64-Bit Server VM (25.111-b14) for bsd-amd64 JRE (1.8.0_111-b14), built on Sep 22 2016 15:31:41 by "java_re" with gcc 4.2.1 (Based on Apple Inc. build 5658) (LLVM build 2336.11.00)

time: Tue Aug 25 10:55:16 2020
elapsed time: 4 seconds (0d 0h 0m 4s)

